<?xml version="1.0" encoding="UTF-8"?>
<!-- Generated by org.testng.reporters.JUnitXMLReporter -->
<testsuite ignored="0" hostname="DESKTOP-D1LGIP8" failures="1" tests="2" name="LoginPageChrome" time="18.622" errors="0" timestamp="2022-02-01T07:16:19 IST">
  <testcase classname="com.inetbanking.testCases.TC_LoginTest_001" name="loginTest" time="1.944"/>
  <testcase classname="com.inetbanking.testCases.TC_LoginDDT_002" name="LoginDDT" time="0.0">
    <failure type="org.testng.TestNGException" message="
Method public void com.inetbanking.testCases.TC_LoginDDT_002.LoginDDT(java.lang.String,java.lang.String) throws java.lang.InterruptedException requires a @DataProvider named : LoginData">
      <![CDATA[org.testng.TestNGException: 
Method public void com.inetbanking.testCases.TC_LoginDDT_002.LoginDDT(java.lang.String,java.lang.String) throws java.lang.InterruptedException requires a @DataProvider named : LoginData
at java.base/java.util.ArrayList.forEach(ArrayList.java:1511)
at java.base/java.util.concurrent.FutureTask.run(FutureTask.java:264)
at java.base/java.util.concurrent.ThreadPoolExecutor.runWorker(ThreadPoolExecutor.java:1130)
at java.base/java.util.concurrent.ThreadPoolExecutor$Worker.run(ThreadPoolExecutor.java:630)
at java.base/java.lang.Thread.run(Thread.java:831)
... Removed 15 stack frames]]>
    </failure>
  </testcase> <!-- LoginDDT -->
</testsuite> <!-- LoginPageChrome -->
