<?xml version="1.0" encoding="UTF-8"?>
<testng-results ignored="0" total="1" passed="1" failed="0" skipped="0">
  <reporter-output>
  </reporter-output>
  <suite started-at="2022-02-02T21:46:30 IST" name="InetBankingV1" finished-at="2022-02-02T21:46:41 IST" duration-ms="11382">
    <groups>
    </groups>
    <test started-at="2022-02-02T21:46:30 IST" name="LoginPageChrome" finished-at="2022-02-02T21:46:41 IST" duration-ms="11382">
      <class name="com.inetbanking.testCases.TC_LoginTest_001">
        <test-method is-config="true" signature="setup(java.lang.String)[pri:0, instance:com.inetbanking.testCases.TC_LoginTest_001@3f197a46]" started-at="2022-02-02T21:46:31 IST" name="setup" finished-at="2022-02-02T21:46:39 IST" duration-ms="8736" status="PASS">
          <params>
            <param index="0">
              <value>
                <![CDATA[chrome]]>
              </value>
            </param>
          </params>
          <reporter-output>
          </reporter-output>
        </test-method> <!-- setup -->
        <test-method signature="loginTest()[pri:0, instance:com.inetbanking.testCases.TC_LoginTest_001@3f197a46]" started-at="2022-02-02T21:46:39 IST" name="loginTest" finished-at="2022-02-02T21:46:41 IST" duration-ms="1685" status="PASS">
          <reporter-output>
          </reporter-output>
        </test-method> <!-- loginTest -->
        <test-method is-config="true" signature="tearDown()[pri:0, instance:com.inetbanking.testCases.TC_LoginTest_001@3f197a46]" started-at="2022-02-02T21:46:41 IST" name="tearDown" finished-at="2022-02-02T21:46:41 IST" duration-ms="257" status="PASS">
          <reporter-output>
          </reporter-output>
        </test-method> <!-- tearDown -->
      </class> <!-- com.inetbanking.testCases.TC_LoginTest_001 -->
    </test> <!-- LoginPageChrome -->
  </suite> <!-- InetBankingV1 -->
</testng-results>
