<?xml version="1.0" encoding="UTF-8"?>
<testng-results ignored="0" total="1" passed="1" failed="0" skipped="0">
  <reporter-output>
  </reporter-output>
  <suite started-at="2022-02-03T09:47:20 IST" name="InetBankingV1" finished-at="2022-02-03T09:47:31 IST" duration-ms="10587">
    <groups>
    </groups>
    <test started-at="2022-02-03T09:47:20 IST" name="LoginPageChrome" finished-at="2022-02-03T09:47:31 IST" duration-ms="10587">
      <class name="com.inetbanking.testCases.TC_LoginTest_001">
        <test-method is-config="true" signature="setup(java.lang.String)[pri:0, instance:com.inetbanking.testCases.TC_LoginTest_001@c8c12ac]" started-at="2022-02-03T09:47:21 IST" name="setup" finished-at="2022-02-03T09:47:29 IST" duration-ms="8184" status="PASS">
          <params>
            <param index="0">
              <value>
                <![CDATA[chrome]]>
              </value>
            </param>
          </params>
          <reporter-output>
          </reporter-output>
        </test-method> <!-- setup -->
        <test-method signature="loginTest()[pri:0, instance:com.inetbanking.testCases.TC_LoginTest_001@c8c12ac]" started-at="2022-02-03T09:47:29 IST" name="loginTest" finished-at="2022-02-03T09:47:30 IST" duration-ms="1400" status="PASS">
          <reporter-output>
          </reporter-output>
        </test-method> <!-- loginTest -->
        <test-method is-config="true" signature="tearDown()[pri:0, instance:com.inetbanking.testCases.TC_LoginTest_001@c8c12ac]" started-at="2022-02-03T09:47:30 IST" name="tearDown" finished-at="2022-02-03T09:47:31 IST" duration-ms="217" status="PASS">
          <reporter-output>
          </reporter-output>
        </test-method> <!-- tearDown -->
      </class> <!-- com.inetbanking.testCases.TC_LoginTest_001 -->
    </test> <!-- LoginPageChrome -->
  </suite> <!-- InetBankingV1 -->
</testng-results>
